Build started 18/02/2015 11:49:52.
     1>Project "C:\VS Projects\RTR_Lab2.0\RTR_Lab2.0\RTR_Lab2.0.vcxproj" on node 2 (Build target(s)).
     1>ClCompile:
         C:\Program Files (x86)\Microsoft Visual Studio 11.0\VC\bin\CL.exe /c /I"C:\VS Projects\RTR_Lab2.0\RTR_Lab2.0\glew-1.10.0\include" /I"C:\VS Projects\RTR_Lab2.0\RTR_Lab2.0\freeglut\include" /I"C:\VS Projects\RTR_Lab2.0\RTR_Lab2.0\assimp\include" /I"C:\VS Projects\RTR_Lab2.0\RTR_Lab2.0\AntTweakBar\AntTweakBar\include" /ZI /nologo /W3 /WX- /sdl /Od /Oy- /D WIN32 /D _DEBUG /D _CONSOLE /D _UNICODE /D UNICODE /Gm /EHsc /RTC1 /MDd /GS /fp:precise /Zc:wchar_t /Zc:forScope /Fo"Debug\\" /Fd"Debug\vc110.pdb" /Gd /TP /analyze- /errorReport:prompt Files\Mesh.cpp
         Mesh.cpp
       Link:
         C:\Program Files (x86)\Microsoft Visual Studio 11.0\VC\bin\link.exe /ERRORREPORT:PROMPT /OUT:"C:\VS Projects\RTR_Lab2.0\Debug\RTR_Lab2.0.exe" /INCREMENTAL /NOLOGO /LIBPATH:"C:\VS Projects\RTR_Lab2.0\RTR_Lab2.0\glew-1.10.0\lib\Release\Win32" /LIBPATH:"C:\VS Projects\RTR_Lab2.0\RTR_Lab2.0\freeglut\lib" /LIBPATH:"C:\VS Projects\RTR_Lab2.0\RTR_Lab2.0\assimp\lib\Release" /LIBPATH:"C:\VS Projects\RTR_Lab2.0\RTR_Lab2.0\AntTweakBar\AntTweakBar\lib" freeglut.lib glew32.lib assimp.lib kernel32.lib user32.lib gdi32.lib winspool.lib comdlg32.lib advapi32.lib shell32.lib ole32.lib oleaut32.lib uuid.lib odbc32.lib odbccp32.lib /MANIFEST /MANIFESTUAC:"level='asInvoker' uiAccess='false'" /manifest:embed /DEBUG /PDB:"C:\VS Projects\RTR_Lab2.0\Debug\RTR_Lab2.0.pdb" /SUBSYSTEM:CONSOLE /TLBID:1 /DYNAMICBASE /NXCOMPAT /IMPLIB:"C:\VS Projects\RTR_Lab2.0\Debug\RTR_Lab2.0.lib" /MACHINE:X86 Debug\Camera.obj
         Debug\CubeMap.obj
         Debug\main.obj
         Debug\Material.obj
         Debug\Mesh.obj
         Debug\RigidBody.obj
         Debug\ShaderManager.obj
         Debug\Shaders.obj
         Debug\stb_image.obj
         Debug\Texture.obj
         RTR_Lab2.0.vcxproj -> C:\VS Projects\RTR_Lab2.0\Debug\RTR_Lab2.0.exe
     1>Done Building Project "C:\VS Projects\RTR_Lab2.0\RTR_Lab2.0\RTR_Lab2.0.vcxproj" (Build target(s)).

Build succeeded.

Time Elapsed 00:00:01.42
